<?xml version="1.0" encoding="UTF-8"?>
<testsuite xmlns:xsi="http://www.w3.org/2001/XMLSchema-instance" xsi:noNamespaceSchemaLocation="https://maven.apache.org/surefire/maven-surefire-plugin/xsd/surefire-test-report.xsd" name="com.example.MyQueueTest" time="0.015" tests="25" errors="8" skipped="0" failures="10">
  <properties>
[...]
</properties>
  <testcase name="wave2_size_afterEnqueueAndDequeue" classname="com.example.MyQueueTest" time="0.006">
    <failure message="expected:&lt;3&gt; but was:&lt;0&gt;" type="java.lang.AssertionError"><![CDATA[java.lang.AssertionError: expected:<3> but was:<0>
	at com.example.MyQueueTest.wave2_size_afterEnqueueAndDequeue(MyQueueTest.java:114)
]]></failure>
  </testcase>
  <testcase name="wave3_contains_existingValue_returnsTrue" classname="com.example.MyQueueTest" time="0">
    <failure type="java.lang.AssertionError">java.lang.AssertionError
	at com.example.MyQueueTest.wave3_contains_existingValue_returnsTrue(MyQueueTest.java:128)
</failure>
  </testcase>
  <testcase name="wave3_clear_removesAllElements" classname="com.example.MyQueueTest" time="0">
    <failure type="java.lang.AssertionError">java.lang.AssertionError
	at com.example.MyQueueTest.wave3_clear_removesAllElements(MyQueueTest.java:150)
</failure>
  </testcase>
  <testcase name="wave1_peek_emptyQueue_throwsException" classname="com.example.MyQueueTest" time="0"/>
  <testcase name="wave3_contains_missingValue_returnsFalse" classname="com.example.MyQueueTest" time="0"/>
  <testcase name="wave1_isEmpty_afterEnqueue_returnsFalse" classname="com.example.MyQueueTest" time="0"/>
  <testcase name="wave1_peek_doesNotRemoveElement" classname="com.example.MyQueueTest" time="0">
    <error message="Queue is empty" type="java.util.NoSuchElementException">java.util.NoSuchElementException: Queue is empty
	at com.example.MyQueueTest.wave1_peek_doesNotRemoveElement(MyQueueTest.java:60)
</error>
  </testcase>
  <testcase name="wave2_size_emptyQueue_returnsZero" classname="com.example.MyQueueTest" time="0"/>
  <testcase name="wave2_dequeue_removesFromFront" classname="com.example.MyQueueTest" time="0">
    <error message="Queue is empty" type="java.util.NoSuchElementException">java.util.NoSuchElementException: Queue is empty
	at com.example.MyQueueTest.wave2_dequeue_removesFromFront(MyQueueTest.java:86)
</error>
  </testcase>
  <testcase name="wave1_enqueue_threeElements_peekReturnsFIFOFront" classname="com.example.MyQueueTest" time="0.001">
    <error message="Queue is empty" type="java.util.NoSuchElementException">java.util.NoSuchElementException: Queue is empty
	at com.example.MyQueueTest.wave1_enqueue_threeElements_peekReturnsFIFOFront(MyQueueTest.java:54)
</error>
  </testcase>
  <testcase name="wave2_dequeue_returnsFrontValue" classname="com.example.MyQueueTest" time="0">
    <error message="Queue is empty" type="java.util.NoSuchElementException">java.util.NoSuchElementException: Queue is empty
	at com.example.MyQueueTest.wave2_dequeue_returnsFrontValue(MyQueueTest.java:78)
</error>
  </testcase>
  <testcase name="wave4_reverseQueue_threeElements" classname="com.example.MyQueueTest" time="0.001">
    <failure message="array lengths differed, expected.length=3 actual.length=0" type="java.lang.AssertionError">java.lang.AssertionError: array lengths differed, expected.length=3 actual.length=0
	at com.example.MyQueueTest.wave4_reverseQueue_threeElements(MyQueueTest.java:184)
</failure>
  </testcase>
  <testcase name="wave1_isEmpty_newQueue_returnsTrue" classname="com.example.MyQueueTest" time="0">
    <failure type="java.lang.AssertionError">java.lang.AssertionError
	at com.example.MyQueueTest.wave1_isEmpty_newQueue_returnsTrue(MyQueueTest.java:34)
</failure>
  </testcase>
  <testcase name="wave1_enqueue_singleElement_peekReturnsIt" classname="com.example.MyQueueTest" time="0">
    <error message="Queue is empty" type="java.util.NoSuchElementException">java.util.NoSuchElementException: Queue is empty
	at com.example.MyQueueTest.wave1_enqueue_singleElement_peekReturnsIt(MyQueueTest.java:46)
</error>
  </testcase>
  <testcase name="wave4_reverseQueue_singleElement_unchanged" classname="com.example.MyQueueTest" time="0">
    <error message="Queue is empty" type="java.util.NoSuchElementException">java.util.NoSuchElementException: Queue is empty
	at com.example.MyQueueTest.wave4_reverseQueue_singleElement_unchanged(MyQueueTest.java:191)
</error>
  </testcase>
  <testcase name="wave4_interleave_twoElements" classname="com.example.MyQueueTest" time="0">
    <failure message="array lengths differed, expected.length=2 actual.length=0" type="java.lang.AssertionError">java.lang.AssertionError: array lengths differed, expected.length=2 actual.length=0
	at com.example.MyQueueTest.wave4_interleave_twoElements(MyQueueTest.java:222)
</failure>
  </testcase>
  <testcase name="wave4_reverseQueue_thenReverseAgain_restoredToOriginal" classname="com.example.MyQueueTest" time="0">
    <failure message="array lengths differed, expected.length=3 actual.length=0" type="java.lang.AssertionError">java.lang.AssertionError: array lengths differed, expected.length=3 actual.length=0
	at com.example.MyQueueTest.wave4_reverseQueue_thenReverseAgain_restoredToOriginal(MyQueueTest.java:202)
</failure>
  </testcase>
  <testcase name="wave3_contains_emptyQueue_returnsFalse" classname="com.example.MyQueueTest" time="0"/>
  <testcase name="wave4_interleave_sixElements" classname="com.example.MyQueueTest" time="0">
    <failure message="array lengths differed, expected.length=6 actual.length=0" type="java.lang.AssertionError">java.lang.AssertionError: array lengths differed, expected.length=6 actual.length=0
	at com.example.MyQueueTest.wave4_interleave_sixElements(MyQueueTest.java:214)
</failure>
  </testcase>
  <testcase name="wave2_dequeue_emptyQueue_throwsException" classname="com.example.MyQueueTest" time="0"/>
  <testcase name="wave3_clear_thenEnqueue_worksFine" classname="com.example.MyQueueTest" time="0">
    <error message="Queue is empty" type="java.util.NoSuchElementException">java.util.NoSuchElementException: Queue is empty
	at com.example.MyQueueTest.wave3_clear_thenEnqueue_worksFine(MyQueueTest.java:158)
</error>
  </testcase>
  <testcase name="wave4_interleave_oddNumberOfElements_throwsException" classname="com.example.MyQueueTest" time="0">
    <failure message="Expected exception: java.lang.IllegalStateException" type="java.lang.AssertionError">java.lang.AssertionError: Expected exception: java.lang.IllegalStateException
</failure>
  </testcase>
  <testcase name="wave2_dequeue_untilEmpty_isEmptyReturnsTrue" classname="com.example.MyQueueTest" time="0">
    <error message="Queue is empty" type="java.util.NoSuchElementException">java.util.NoSuchElementException: Queue is empty
	at com.example.MyQueueTest.wave2_dequeue_untilEmpty_isEmptyReturnsTrue(MyQueueTest.java:94)
</error>
  </testcase>
  <testcase name="wave3_toArray_returnsElementsFrontToBack" classname="com.example.MyQueueTest" time="0">
    <failure message="array lengths differed, expected.length=3 actual.length=0" type="java.lang.AssertionError">java.lang.AssertionError: array lengths differed, expected.length=3 actual.length=0
	at com.example.MyQueueTest.wave3_toArray_returnsElementsFrontToBack(MyQueueTest.java:166)
</failure>
  </testcase>
  <testcase name="wave3_toArray_emptyQueue_returnsEmptyArray" classname="com.example.MyQueueTest" time="0"/>
</testsuite>