<?xml version="1.0" encoding="UTF-8"?>
<testsuite xmlns:xsi="http://www.w3.org/2001/XMLSchema-instance" xsi:noNamespaceSchemaLocation="https://maven.apache.org/surefire/maven-surefire-plugin/xsd/surefire-test-report.xsd" name="com.example.MyHashMapTest" time="0.018" tests="29" errors="0" skipped="0" failures="19">
  <properties>
[...]
</properties>
  <testcase name="wave1_containsKey_existingKey_returnsTrue" classname="com.example.MyHashMapTest" time="0.007">
    <failure type="java.lang.AssertionError">java.lang.AssertionError
	at com.example.MyHashMapTest.wave1_containsKey_existingKey_returnsTrue(MyHashMapTest.java:69)
</failure>
  </testcase>
  <testcase name="wave3_keys_returnsAllKeys" classname="com.example.MyHashMapTest" time="0">
    <failure message="expected:&lt;3&gt; but was:&lt;0&gt;" type="java.lang.AssertionError"><![CDATA[java.lang.AssertionError: expected:<3> but was:<0>
	at com.example.MyHashMapTest.wave3_keys_returnsAllKeys(MyHashMapTest.java:165)
]]></failure>
  </testcase>
  <testcase name="wave3_clear_removesAllMappings" classname="com.example.MyHashMapTest" time="0">
    <failure type="java.lang.AssertionError">java.lang.AssertionError
	at com.example.MyHashMapTest.wave3_clear_removesAllMappings(MyHashMapTest.java:199)
</failure>
  </testcase>
  <testcase name="wave2_size_afterPuts_returnsCorrectCount" classname="com.example.MyHashMapTest" time="0">
    <failure message="expected:&lt;3&gt; but was:&lt;0&gt;" type="java.lang.AssertionError"><![CDATA[java.lang.AssertionError: expected:<3> but was:<0>
	at com.example.MyHashMapTest.wave2_size_afterPuts_returnsCorrectCount(MyHashMapTest.java:119)
]]></failure>
  </testcase>
  <testcase name="wave2_isEmpty_newMap_returnsTrue" classname="com.example.MyHashMapTest" time="0">
    <failure type="java.lang.AssertionError">java.lang.AssertionError
	at com.example.MyHashMapTest.wave2_isEmpty_newMap_returnsTrue(MyHashMapTest.java:139)
</failure>
  </testcase>
  <testcase name="wave2_size_decreasesAfterRemove" classname="com.example.MyHashMapTest" time="0">
    <failure message="expected:&lt;1&gt; but was:&lt;0&gt;" type="java.lang.AssertionError"><![CDATA[java.lang.AssertionError: expected:<1> but was:<0>
	at com.example.MyHashMapTest.wave2_size_decreasesAfterRemove(MyHashMapTest.java:134)
]]></failure>
  </testcase>
  <testcase name="wave4_getOrDefault_existingKey_returnsActualValue" classname="com.example.MyHashMapTest" time="0">
    <failure message="expected:&lt;[hello]&gt; but was:&lt;[default]&gt;" type="org.junit.ComparisonFailure"><![CDATA[org.junit.ComparisonFailure: expected:<[hello]> but was:<[default]>
	at com.example.MyHashMapTest.wave4_getOrDefault_existingKey_returnsActualValue(MyHashMapTest.java:220)
]]></failure>
  </testcase>
  <testcase name="wave1_put_updateExistingKey_valueIsOverwritten" classname="com.example.MyHashMapTest" time="0">
    <failure message="expected:&lt;banana&gt; but was:&lt;null&gt;" type="java.lang.AssertionError"><![CDATA[java.lang.AssertionError: expected:<banana> but was:<null>
	at com.example.MyHashMapTest.wave1_put_updateExistingKey_valueIsOverwritten(MyHashMapTest.java:43)
]]></failure>
  </testcase>
  <testcase name="wave1_put_collisionKeys_bothRetrievable" classname="com.example.MyHashMapTest" time="0">
    <failure message="expected:&lt;one&gt; but was:&lt;null&gt;" type="java.lang.AssertionError"><![CDATA[java.lang.AssertionError: expected:<one> but was:<null>
	at com.example.MyHashMapTest.wave1_put_collisionKeys_bothRetrievable(MyHashMapTest.java:51)
]]></failure>
  </testcase>
  <testcase name="wave1_get_emptyMap_returnsNull" classname="com.example.MyHashMapTest" time="0"/>
  <testcase name="wave3_values_emptyMap_returnsEmptyList" classname="com.example.MyHashMapTest" time="0"/>
  <testcase name="wave2_isEmpty_afterPut_returnsFalse" classname="com.example.MyHashMapTest" time="0"/>
  <testcase name="wave3_values_returnsAllValues" classname="com.example.MyHashMapTest" time="0">
    <failure message="expected:&lt;3&gt; but was:&lt;0&gt;" type="java.lang.AssertionError"><![CDATA[java.lang.AssertionError: expected:<3> but was:<0>
	at com.example.MyHashMapTest.wave3_values_returnsAllValues(MyHashMapTest.java:182)
]]></failure>
  </testcase>
  <testcase name="wave1_containsKey_missingKey_returnsFalse" classname="com.example.MyHashMapTest" time="0"/>
  <testcase name="wave1_containsKey_emptyMap_returnsFalse" classname="com.example.MyHashMapTest" time="0"/>
  <testcase name="wave4_putIfAbsent_doesNotChangeSizeWhenKeyExists" classname="com.example.MyHashMapTest" time="0">
    <failure message="expected:&lt;1&gt; but was:&lt;0&gt;" type="java.lang.AssertionError"><![CDATA[java.lang.AssertionError: expected:<1> but was:<0>
	at com.example.MyHashMapTest.wave4_putIfAbsent_doesNotChangeSizeWhenKeyExists(MyHashMapTest.java:247)
]]></failure>
  </testcase>
  <testcase name="wave2_size_updateDoesNotIncreaseSize" classname="com.example.MyHashMapTest" time="0.002">
    <failure message="expected:&lt;1&gt; but was:&lt;0&gt;" type="java.lang.AssertionError"><![CDATA[java.lang.AssertionError: expected:<1> but was:<0>
	at com.example.MyHashMapTest.wave2_size_updateDoesNotIncreaseSize(MyHashMapTest.java:126)
]]></failure>
  </testcase>
  <testcase name="wave4_getOrDefault_missingKey_returnsDefaultValue" classname="com.example.MyHashMapTest" time="0"/>
  <testcase name="wave2_remove_missingKey_returnsNull" classname="com.example.MyHashMapTest" time="0"/>
  <testcase name="wave4_putIfAbsent_existingKey_doesNotOverwriteAndReturnsExistingValue" classname="com.example.MyHashMapTest" time="0">
    <failure message="expected:&lt;original&gt; but was:&lt;null&gt;" type="java.lang.AssertionError"><![CDATA[java.lang.AssertionError: expected:<original> but was:<null>
	at com.example.MyHashMapTest.wave4_putIfAbsent_existingKey_doesNotOverwriteAndReturnsExistingValue(MyHashMapTest.java:239)
]]></failure>
  </testcase>
  <testcase name="wave1_put_singleEntry_getReturnsValue" classname="com.example.MyHashMapTest" time="0">
    <failure message="expected:&lt;apple&gt; but was:&lt;null&gt;" type="java.lang.AssertionError"><![CDATA[java.lang.AssertionError: expected:<apple> but was:<null>
	at com.example.MyHashMapTest.wave1_put_singleEntry_getReturnsValue(MyHashMapTest.java:36)
]]></failure>
  </testcase>
  <testcase name="wave2_isEmpty_afterRemoveLastEntry_returnsTrue" classname="com.example.MyHashMapTest" time="0">
    <failure type="java.lang.AssertionError">java.lang.AssertionError
	at com.example.MyHashMapTest.wave2_isEmpty_afterRemoveLastEntry_returnsTrue(MyHashMapTest.java:152)
</failure>
  </testcase>
  <testcase name="wave3_clear_thenPut_worksFine" classname="com.example.MyHashMapTest" time="0">
    <failure message="expected:&lt;b&gt; but was:&lt;null&gt;" type="java.lang.AssertionError"><![CDATA[java.lang.AssertionError: expected:<b> but was:<null>
	at com.example.MyHashMapTest.wave3_clear_thenPut_worksFine(MyHashMapTest.java:209)
]]></failure>
  </testcase>
  <testcase name="wave4_putIfAbsent_newKey_insertsAndReturnsNull" classname="com.example.MyHashMapTest" time="0">
    <failure message="expected:&lt;first&gt; but was:&lt;null&gt;" type="java.lang.AssertionError"><![CDATA[java.lang.AssertionError: expected:<first> but was:<null>
	at com.example.MyHashMapTest.wave4_putIfAbsent_newKey_insertsAndReturnsNull(MyHashMapTest.java:232)
]]></failure>
  </testcase>
  <testcase name="wave2_size_emptyMap_returnsZero" classname="com.example.MyHashMapTest" time="0"/>
  <testcase name="wave1_get_missingKey_returnsNull" classname="com.example.MyHashMapTest" time="0.001"/>
  <testcase name="wave3_keys_emptyMap_returnsEmptyList" classname="com.example.MyHashMapTest" time="0"/>
  <testcase name="wave2_remove_headOfChain_nextEntryStillReachable" classname="com.example.MyHashMapTest" time="0">
    <failure message="expected:&lt;seventeen&gt; but was:&lt;null&gt;" type="java.lang.AssertionError"><![CDATA[java.lang.AssertionError: expected:<seventeen> but was:<null>
	at com.example.MyHashMapTest.wave2_remove_headOfChain_nextEntryStillReachable(MyHashMapTest.java:106)
]]></failure>
  </testcase>
  <testcase name="wave2_remove_existingKey_returnsValueAndRemovesIt" classname="com.example.MyHashMapTest" time="0">
    <failure message="expected:&lt;one&gt; but was:&lt;null&gt;" type="java.lang.AssertionError"><![CDATA[java.lang.AssertionError: expected:<one> but was:<null>
	at com.example.MyHashMapTest.wave2_remove_existingKey_returnsValueAndRemovesIt(MyHashMapTest.java:91)
]]></failure>
  </testcase>
</testsuite>