<?xml version="1.0" encoding="UTF-8"?>
<testsuite xmlns:xsi="http://www.w3.org/2001/XMLSchema-instance" xsi:noNamespaceSchemaLocation="https://maven.apache.org/surefire/maven-surefire-plugin/xsd/surefire-test-report.xsd" name="com.example.DoublyLinkedListTest" time="0.02" tests="33" errors="7" skipped="0" failures="19">
  <properties>
[...]
</properties>
  <testcase name="wave3_removeByValue_removesMiddle" classname="com.example.DoublyLinkedListTest" time="0.007">
    <failure type="java.lang.AssertionError">java.lang.AssertionError
	at com.example.DoublyLinkedListTest.wave3_removeByValue_removesMiddle(DoublyLinkedListTest.java:189)
</failure>
  </testcase>
  <testcase name="wave4_sortAscending_singleElement_unchanged" classname="com.example.DoublyLinkedListTest" time="0.001">
    <failure message="expected:&lt;[5]&gt; but was:&lt;[]&gt;" type="org.junit.ComparisonFailure"><![CDATA[org.junit.ComparisonFailure: expected:<[5]> but was:<[]>
	at com.example.DoublyLinkedListTest.wave4_sortAscending_singleElement_unchanged(DoublyLinkedListTest.java:294)
]]></failure>
  </testcase>
  <testcase name="wave1_addFirst_setsHeadAndTailOnEmptyList" classname="com.example.DoublyLinkedListTest" time="0">
    <failure type="java.lang.AssertionError">java.lang.AssertionError
	at com.example.DoublyLinkedListTest.wave1_addFirst_setsHeadAndTailOnEmptyList(DoublyLinkedListTest.java:41)
</failure>
  </testcase>
  <testcase name="wave2_removeLast_returnsValueAndUpdatesTail" classname="com.example.DoublyLinkedListTest" time="0.001">
    <error message="List is empty" type="java.util.NoSuchElementException">java.util.NoSuchElementException: List is empty
	at com.example.DoublyLinkedListTest.wave2_removeLast_returnsValueAndUpdatesTail(DoublyLinkedListTest.java:143)
</error>
  </testcase>
  <testcase name="wave1_addFirst_singleElement_sizeIsOne" classname="com.example.DoublyLinkedListTest" time="0">
    <failure message="expected:&lt;1&gt; but was:&lt;0&gt;" type="java.lang.AssertionError"><![CDATA[java.lang.AssertionError: expected:<1> but was:<0>
	at com.example.DoublyLinkedListTest.wave1_addFirst_singleElement_sizeIsOne(DoublyLinkedListTest.java:35)
]]></failure>
  </testcase>
  <testcase name="wave1_printForward_multipleElements" classname="com.example.DoublyLinkedListTest" time="0">
    <failure message="expected:&lt;[1 &lt;-&gt; 2 &lt;-&gt; 3]&gt; but was:&lt;[]&gt;" type="org.junit.ComparisonFailure"><![CDATA[org.junit.ComparisonFailure: expected:<[1 <-> 2 <-> 3]> but was:<[]>
	at com.example.DoublyLinkedListTest.wave1_printForward_multipleElements(DoublyLinkedListTest.java:84)
]]></failure>
  </testcase>
  <testcase name="wave3_insertAt_insertsAtMiddle" classname="com.example.DoublyLinkedListTest" time="0">
    <failure message="expected:&lt;[1 &lt;-&gt; 2 &lt;-&gt; 3]&gt; but was:&lt;[]&gt;" type="org.junit.ComparisonFailure"><![CDATA[org.junit.ComparisonFailure: expected:<[1 <-> 2 <-> 3]> but was:<[]>
	at com.example.DoublyLinkedListTest.wave3_insertAt_insertsAtMiddle(DoublyLinkedListTest.java:204)
]]></failure>
  </testcase>
  <testcase name="wave2_removeFirst_returnsValueAndUpdatesHead" classname="com.example.DoublyLinkedListTest" time="0">
    <error message="List is empty" type="java.util.NoSuchElementException">java.util.NoSuchElementException: List is empty
	at com.example.DoublyLinkedListTest.wave2_removeFirst_returnsValueAndUpdatesHead(DoublyLinkedListTest.java:119)
</error>
  </testcase>
  <testcase name="wave1_getSize_afterMultipleAdds" classname="com.example.DoublyLinkedListTest" time="0">
    <failure message="expected:&lt;3&gt; but was:&lt;0&gt;" type="java.lang.AssertionError"><![CDATA[java.lang.AssertionError: expected:<3> but was:<0>
	at com.example.DoublyLinkedListTest.wave1_getSize_afterMultipleAdds(DoublyLinkedListTest.java:65)
]]></failure>
  </testcase>
  <testcase name="wave1_addFirst_threeElements_headPointsToFirst" classname="com.example.DoublyLinkedListTest" time="0.001">
    <error message="Cannot read field &quot;data&quot; because the return value of &quot;com.example.DoublyLinkedList.getHead()&quot; is null" type="java.lang.NullPointerException">java.lang.NullPointerException: Cannot read field "data" because the return value of "com.example.DoublyLinkedList.getHead()" is null
	at com.example.DoublyLinkedListTest.wave1_addFirst_threeElements_headPointsToFirst(DoublyLinkedListTest.java:51)
</error>
  </testcase>
  <testcase name="wave2_removeFirst_singleElement_listBecomesEmpty" classname="com.example.DoublyLinkedListTest" time="0">
    <error message="List is empty" type="java.util.NoSuchElementException">java.util.NoSuchElementException: List is empty
	at com.example.DoublyLinkedListTest.wave2_removeFirst_singleElement_listBecomesEmpty(DoublyLinkedListTest.java:128)
</error>
  </testcase>
  <testcase name="wave1_printForward_singleElement" classname="com.example.DoublyLinkedListTest" time="0">
    <failure message="expected:&lt;[7]&gt; but was:&lt;[]&gt;" type="org.junit.ComparisonFailure"><![CDATA[org.junit.ComparisonFailure: expected:<[7]> but was:<[]>
	at com.example.DoublyLinkedListTest.wave1_printForward_singleElement(DoublyLinkedListTest.java:76)
]]></failure>
  </testcase>
  <testcase name="wave4_reverse_prevPointersCorrectAfterReversal" classname="com.example.DoublyLinkedListTest" time="0">
    <failure message="expected:&lt;[1 &lt;-&gt; 2 &lt;-&gt; 3]&gt; but was:&lt;[]&gt;" type="org.junit.ComparisonFailure"><![CDATA[org.junit.ComparisonFailure: expected:<[1 <-> 2 <-> 3]> but was:<[]>
	at com.example.DoublyLinkedListTest.wave4_reverse_prevPointersCorrectAfterReversal(DoublyLinkedListTest.java:268)
]]></failure>
  </testcase>
  <testcase name="wave1_printForward_emptyList_returnsEmptyString" classname="com.example.DoublyLinkedListTest" time="0"/>
  <testcase name="wave2_addLast_onEmptyList_setsHeadAndTail" classname="com.example.DoublyLinkedListTest" time="0.001">
    <error message="Cannot read field &quot;data&quot; because the return value of &quot;com.example.DoublyLinkedList.getHead()&quot; is null" type="java.lang.NullPointerException">java.lang.NullPointerException: Cannot read field "data" because the return value of "com.example.DoublyLinkedList.getHead()" is null
	at com.example.DoublyLinkedListTest.wave2_addLast_onEmptyList_setsHeadAndTail(DoublyLinkedListTest.java:103)
</error>
  </testcase>
  <testcase name="wave2_addLast_tailPrevPointsToNewSecondToLast" classname="com.example.DoublyLinkedListTest" time="0">
    <error message="Cannot read field &quot;prev&quot; because the return value of &quot;com.example.DoublyLinkedList.getTail()&quot; is null" type="java.lang.NullPointerException">java.lang.NullPointerException: Cannot read field "prev" because the return value of "com.example.DoublyLinkedList.getTail()" is null
	at com.example.DoublyLinkedListTest.wave2_addLast_tailPrevPointsToNewSecondToLast(DoublyLinkedListTest.java:110)
</error>
  </testcase>
  <testcase name="wave3_printBackward_singleElement" classname="com.example.DoublyLinkedListTest" time="0">
    <failure message="expected:&lt;[42]&gt; but was:&lt;[]&gt;" type="org.junit.ComparisonFailure"><![CDATA[org.junit.ComparisonFailure: expected:<[42]> but was:<[]>
	at com.example.DoublyLinkedListTest.wave3_printBackward_singleElement(DoublyLinkedListTest.java:231)
]]></failure>
  </testcase>
  <testcase name="wave2_removeLast_singleElement_listBecomesEmpty" classname="com.example.DoublyLinkedListTest" time="0">
    <error message="List is empty" type="java.util.NoSuchElementException">java.util.NoSuchElementException: List is empty
	at com.example.DoublyLinkedListTest.wave2_removeLast_singleElement_listBecomesEmpty(DoublyLinkedListTest.java:152)
</error>
  </testcase>
  <testcase name="wave3_removeByValue_removesHead" classname="com.example.DoublyLinkedListTest" time="0">
    <failure type="java.lang.AssertionError">java.lang.AssertionError
	at com.example.DoublyLinkedListTest.wave3_removeByValue_removesHead(DoublyLinkedListTest.java:171)
</failure>
  </testcase>
  <testcase name="wave3_removeByValue_removesTail" classname="com.example.DoublyLinkedListTest" time="0">
    <failure type="java.lang.AssertionError">java.lang.AssertionError
	at com.example.DoublyLinkedListTest.wave3_removeByValue_removesTail(DoublyLinkedListTest.java:180)
</failure>
  </testcase>
  <testcase name="wave3_removeByValue_notFound_returnsFalse" classname="com.example.DoublyLinkedListTest" time="0"/>
  <testcase name="wave2_removeFirst_emptyList_throwsException" classname="com.example.DoublyLinkedListTest" time="0"/>
  <testcase name="wave1_getSize_emptyList_returnsZero" classname="com.example.DoublyLinkedListTest" time="0"/>
  <testcase name="wave4_sortAscending_unsortedList_sortedCorrectly" classname="com.example.DoublyLinkedListTest" time="0">
    <failure message="expected:&lt;[1 &lt;-&gt; 2 &lt;-&gt; 3 &lt;-&gt; 4]&gt; but was:&lt;[]&gt;" type="org.junit.ComparisonFailure"><![CDATA[org.junit.ComparisonFailure: expected:<[1 <-> 2 <-> 3 <-> 4]> but was:<[]>
	at com.example.DoublyLinkedListTest.wave4_sortAscending_unsortedList_sortedCorrectly(DoublyLinkedListTest.java:278)
]]></failure>
  </testcase>
  <testcase name="wave2_addLast_appendsToEnd" classname="com.example.DoublyLinkedListTest" time="0">
    <failure message="expected:&lt;[1 &lt;-&gt; 2 &lt;-&gt; 3]&gt; but was:&lt;[]&gt;" type="org.junit.ComparisonFailure"><![CDATA[org.junit.ComparisonFailure: expected:<[1 <-> 2 <-> 3]> but was:<[]>
	at com.example.DoublyLinkedListTest.wave2_addLast_appendsToEnd(DoublyLinkedListTest.java:96)
]]></failure>
  </testcase>
  <testcase name="wave3_insertAt_negativeIndex_throwsException" classname="com.example.DoublyLinkedListTest" time="0.001"/>
  <testcase name="wave4_reverse_singleElement_noChange" classname="com.example.DoublyLinkedListTest" time="0">
    <failure message="expected:&lt;[7]&gt; but was:&lt;[]&gt;" type="org.junit.ComparisonFailure"><![CDATA[org.junit.ComparisonFailure: expected:<[7]> but was:<[]>
	at com.example.DoublyLinkedListTest.wave4_reverse_singleElement_noChange(DoublyLinkedListTest.java:258)
]]></failure>
  </testcase>
  <testcase name="wave3_printBackward_multipleElements" classname="com.example.DoublyLinkedListTest" time="0.001">
    <failure message="expected:&lt;[3 &lt;-&gt; 2 &lt;-&gt; 1]&gt; but was:&lt;[]&gt;" type="org.junit.ComparisonFailure"><![CDATA[org.junit.ComparisonFailure: expected:<[3 <-> 2 <-> 1]> but was:<[]>
	at com.example.DoublyLinkedListTest.wave3_printBackward_multipleElements(DoublyLinkedListTest.java:225)
]]></failure>
  </testcase>
  <testcase name="wave3_insertAt_atIndexZero_behavesLikeAddFirst" classname="com.example.DoublyLinkedListTest" time="0">
    <failure message="expected:&lt;[1 &lt;-&gt; 2 &lt;-&gt; 3]&gt; but was:&lt;[]&gt;" type="org.junit.ComparisonFailure"><![CDATA[org.junit.ComparisonFailure: expected:<[1 <-> 2 <-> 3]> but was:<[]>
	at com.example.DoublyLinkedListTest.wave3_insertAt_atIndexZero_behavesLikeAddFirst(DoublyLinkedListTest.java:212)
]]></failure>
  </testcase>
  <testcase name="wave4_sortAscending_alreadySorted_unchanged" classname="com.example.DoublyLinkedListTest" time="0">
    <failure message="expected:&lt;[1 &lt;-&gt; 2 &lt;-&gt; 3]&gt; but was:&lt;[]&gt;" type="org.junit.ComparisonFailure"><![CDATA[org.junit.ComparisonFailure: expected:<[1 <-> 2 <-> 3]> but was:<[]>
	at com.example.DoublyLinkedListTest.wave4_sortAscending_alreadySorted_unchanged(DoublyLinkedListTest.java:287)
]]></failure>
  </testcase>
  <testcase name="wave2_removeLast_emptyList_throwsException" classname="com.example.DoublyLinkedListTest" time="0"/>
  <testcase name="wave3_printBackward_emptyList_returnsEmptyString" classname="com.example.DoublyLinkedListTest" time="0"/>
  <testcase name="wave4_reverse_threeElementList" classname="com.example.DoublyLinkedListTest" time="0">
    <failure message="expected:&lt;[3 &lt;-&gt; 2 &lt;-&gt; 1]&gt; but was:&lt;[]&gt;" type="org.junit.ComparisonFailure"><![CDATA[org.junit.ComparisonFailure: expected:<[3 <-> 2 <-> 1]> but was:<[]>
	at com.example.DoublyLinkedListTest.wave4_reverse_threeElementList(DoublyLinkedListTest.java:249)
]]></failure>
  </testcase>
</testsuite>