<?xml version="1.0" encoding="UTF-8"?>
<testsuite xmlns:xsi="http://www.w3.org/2001/XMLSchema-instance" xsi:noNamespaceSchemaLocation="https://maven.apache.org/surefire/maven-surefire-plugin/xsd/surefire-test-report.xsd" name="com.example.SinglyLinkedListTest" time="0.018" tests="34" errors="4" skipped="0" failures="20">
  <properties>
[...]
</properties>
  <testcase name="wave2_addLast_onEmptyList_becomesOnlyElement" classname="com.example.SinglyLinkedListTest" time="0.007">
    <failure message="expected:&lt;[99 -&gt; ]null&gt; but was:&lt;[]null&gt;" type="org.junit.ComparisonFailure"><![CDATA[org.junit.ComparisonFailure: expected:<[99 -> ]null> but was:<[]null>
	at com.example.SinglyLinkedListTest.wave2_addLast_onEmptyList_becomesOnlyElement(SinglyLinkedListTest.java:91)
]]></failure>
  </testcase>
  <testcase name="wave3_removeByValue_valueNotFound_returnsFalse" classname="com.example.SinglyLinkedListTest" time="0"/>
  <testcase name="wave3_removeByValue_removesMiddleNode" classname="com.example.SinglyLinkedListTest" time="0">
    <failure type="java.lang.AssertionError">java.lang.AssertionError
	at com.example.SinglyLinkedListTest.wave3_removeByValue_removesMiddleNode(SinglyLinkedListTest.java:157)
</failure>
  </testcase>
  <testcase name="wave4_findMiddle_evenLengthList_returnsSecondMiddle" classname="com.example.SinglyLinkedListTest" time="0">
    <error message="List is empty" type="java.util.NoSuchElementException">java.util.NoSuchElementException: List is empty
	at com.example.SinglyLinkedListTest.wave4_findMiddle_evenLengthList_returnsSecondMiddle(SinglyLinkedListTest.java:271)
</error>
  </testcase>
  <testcase name="wave3_getAt_negativeIndex_throwsException" classname="com.example.SinglyLinkedListTest" time="0.001"/>
  <testcase name="wave2_removeFirst_onEmptyList_throwsException" classname="com.example.SinglyLinkedListTest" time="0"/>
  <testcase name="wave1_addFirst_singleElement_sizeIsOne" classname="com.example.SinglyLinkedListTest" time="0">
    <failure message="expected:&lt;1&gt; but was:&lt;0&gt;" type="java.lang.AssertionError"><![CDATA[java.lang.AssertionError: expected:<1> but was:<0>
	at com.example.SinglyLinkedListTest.wave1_addFirst_singleElement_sizeIsOne(SinglyLinkedListTest.java:40)
]]></failure>
  </testcase>
  <testcase name="wave3_insertAt_insertsInMiddle" classname="com.example.SinglyLinkedListTest" time="0">
    <failure message="expected:&lt;[1 -&gt; 2 -&gt; 3 -&gt; ]null&gt; but was:&lt;[]null&gt;" type="org.junit.ComparisonFailure"><![CDATA[org.junit.ComparisonFailure: expected:<[1 -> 2 -> 3 -> ]null> but was:<[]null>
	at com.example.SinglyLinkedListTest.wave3_insertAt_insertsInMiddle(SinglyLinkedListTest.java:208)
]]></failure>
  </testcase>
  <testcase name="wave4_hasCycle_cycleInMiddle_returnsTrue" classname="com.example.SinglyLinkedListTest" time="0">
    <failure type="java.lang.AssertionError">java.lang.AssertionError
	at com.example.SinglyLinkedListTest.wave4_hasCycle_cycleInMiddle_returnsTrue(SinglyLinkedListTest.java:303)
</failure>
  </testcase>
  <testcase name="wave3_insertAt_atTailIndex_behavesLikeAddLast" classname="com.example.SinglyLinkedListTest" time="0">
    <failure message="expected:&lt;[1 -&gt; 2 -&gt; 3 -&gt; ]null&gt; but was:&lt;[]null&gt;" type="org.junit.ComparisonFailure"><![CDATA[org.junit.ComparisonFailure: expected:<[1 -> 2 -> 3 -> ]null> but was:<[]null>
	at com.example.SinglyLinkedListTest.wave3_insertAt_atTailIndex_behavesLikeAddLast(SinglyLinkedListTest.java:224)
]]></failure>
  </testcase>
  <testcase name="wave1_printList_singleElement_formattedCorrectly" classname="com.example.SinglyLinkedListTest" time="0">
    <failure message="expected:&lt;[42 -&gt; ]null&gt; but was:&lt;[]null&gt;" type="org.junit.ComparisonFailure"><![CDATA[org.junit.ComparisonFailure: expected:<[42 -> ]null> but was:<[]null>
	at com.example.SinglyLinkedListTest.wave1_printList_singleElement_formattedCorrectly(SinglyLinkedListTest.java:73)
]]></failure>
  </testcase>
  <testcase name="wave1_getSize_afterFiveAdds_returnsFive" classname="com.example.SinglyLinkedListTest" time="0">
    <failure message="expected:&lt;5&gt; but was:&lt;0&gt;" type="java.lang.AssertionError"><![CDATA[java.lang.AssertionError: expected:<5> but was:<0>
	at com.example.SinglyLinkedListTest.wave1_getSize_afterFiveAdds_returnsFive(SinglyLinkedListTest.java:62)
]]></failure>
  </testcase>
  <testcase name="wave4_reverse_oddLengthList" classname="com.example.SinglyLinkedListTest" time="0">
    <failure message="expected:&lt;[3 -&gt; 2 -&gt; 1 -&gt; ]null&gt; but was:&lt;[]null&gt;" type="org.junit.ComparisonFailure"><![CDATA[org.junit.ComparisonFailure: expected:<[3 -> 2 -> 1 -> ]null> but was:<[]null>
	at com.example.SinglyLinkedListTest.wave4_reverse_oddLengthList(SinglyLinkedListTest.java:237)
]]></failure>
  </testcase>
  <testcase name="wave1_addFirst_threeElements_buildsInReverseOrder" classname="com.example.SinglyLinkedListTest" time="0">
    <failure message="expected:&lt;[1 -&gt; 2 -&gt; 3 -&gt; ]null&gt; but was:&lt;[]null&gt;" type="org.junit.ComparisonFailure"><![CDATA[org.junit.ComparisonFailure: expected:<[1 -> 2 -> 3 -> ]null> but was:<[]null>
	at com.example.SinglyLinkedListTest.wave1_addFirst_threeElements_buildsInReverseOrder(SinglyLinkedListTest.java:49)
]]></failure>
  </testcase>
  <testcase name="wave4_hasCycle_noCycle_returnsFalse" classname="com.example.SinglyLinkedListTest" time="0"/>
  <testcase name="wave3_getAt_returnsCorrectElementsAtEachIndex" classname="com.example.SinglyLinkedListTest" time="0">
    <failure message="expected:&lt;10&gt; but was:&lt;-1&gt;" type="java.lang.AssertionError"><![CDATA[java.lang.AssertionError: expected:<10> but was:<-1>
	at com.example.SinglyLinkedListTest.wave3_getAt_returnsCorrectElementsAtEachIndex(SinglyLinkedListTest.java:186)
]]></failure>
  </testcase>
  <testcase name="wave2_contains_emptyList_returnsFalse" classname="com.example.SinglyLinkedListTest" time="0"/>
  <testcase name="wave4_reverse_evenLengthList" classname="com.example.SinglyLinkedListTest" time="0">
    <failure message="expected:&lt;[4 -&gt; 3 -&gt; 2 -&gt; 1 -&gt; ]null&gt; but was:&lt;[]null&gt;" type="org.junit.ComparisonFailure"><![CDATA[org.junit.ComparisonFailure: expected:<[4 -> 3 -> 2 -> 1 -> ]null> but was:<[]null>
	at com.example.SinglyLinkedListTest.wave4_reverse_evenLengthList(SinglyLinkedListTest.java:247)
]]></failure>
  </testcase>
  <testcase name="wave2_contains_existingValue_returnsTrue" classname="com.example.SinglyLinkedListTest" time="0">
    <failure type="java.lang.AssertionError">java.lang.AssertionError
	at com.example.SinglyLinkedListTest.wave2_contains_existingValue_returnsTrue(SinglyLinkedListTest.java:124)
</failure>
  </testcase>
  <testcase name="wave2_removeFirst_untilEmpty_sizeDropsToZero" classname="com.example.SinglyLinkedListTest" time="0">
    <error message="List is empty" type="java.util.NoSuchElementException">java.util.NoSuchElementException: List is empty
	at com.example.SinglyLinkedListTest.wave2_removeFirst_untilEmpty_sizeDropsToZero(SinglyLinkedListTest.java:109)
</error>
  </testcase>
  <testcase name="wave2_contains_missingValue_returnsFalse" classname="com.example.SinglyLinkedListTest" time="0"/>
  <testcase name="wave4_findMiddle_oddLengthList_returnsCenterNode" classname="com.example.SinglyLinkedListTest" time="0">
    <error message="List is empty" type="java.util.NoSuchElementException">java.util.NoSuchElementException: List is empty
	at com.example.SinglyLinkedListTest.wave4_findMiddle_oddLengthList_returnsCenterNode(SinglyLinkedListTest.java:262)
</error>
  </testcase>
  <testcase name="wave3_removeByValue_emptyList_returnsFalse" classname="com.example.SinglyLinkedListTest" time="0"/>
  <testcase name="wave4_findMiddle_emptyList_throwsException" classname="com.example.SinglyLinkedListTest" time="0"/>
  <testcase name="wave1_getSize_emptyList_returnsZero" classname="com.example.SinglyLinkedListTest" time="0"/>
  <testcase name="wave3_removeByValue_removesHeadNode" classname="com.example.SinglyLinkedListTest" time="0">
    <failure type="java.lang.AssertionError">java.lang.AssertionError
	at com.example.SinglyLinkedListTest.wave3_removeByValue_removesHeadNode(SinglyLinkedListTest.java:148)
</failure>
  </testcase>
  <testcase name="wave1_printList_emptyList_returnsNull" classname="com.example.SinglyLinkedListTest" time="0"/>
  <testcase name="wave2_addLast_appendsToEnd" classname="com.example.SinglyLinkedListTest" time="0">
    <failure message="expected:&lt;[1 -&gt; 2 -&gt; 3 -&gt; ]null&gt; but was:&lt;[]null&gt;" type="org.junit.ComparisonFailure"><![CDATA[org.junit.ComparisonFailure: expected:<[1 -> 2 -> 3 -> ]null> but was:<[]null>
	at com.example.SinglyLinkedListTest.wave2_addLast_appendsToEnd(SinglyLinkedListTest.java:85)
]]></failure>
  </testcase>
  <testcase name="wave4_hasCycle_cycleAtHead_returnsTrue" classname="com.example.SinglyLinkedListTest" time="0">
    <failure type="java.lang.AssertionError">java.lang.AssertionError
	at com.example.SinglyLinkedListTest.wave4_hasCycle_cycleAtHead_returnsTrue(SinglyLinkedListTest.java:293)
</failure>
  </testcase>
  <testcase name="wave4_reverse_singleElement_noChange" classname="com.example.SinglyLinkedListTest" time="0">
    <failure message="expected:&lt;[42 -&gt; ]null&gt; but was:&lt;[]null&gt;" type="org.junit.ComparisonFailure"><![CDATA[org.junit.ComparisonFailure: expected:<[42 -> ]null> but was:<[]null>
	at com.example.SinglyLinkedListTest.wave4_reverse_singleElement_noChange(SinglyLinkedListTest.java:254)
]]></failure>
  </testcase>
  <testcase name="wave2_removeFirst_returnsHeadValueAndShortenslist" classname="com.example.SinglyLinkedListTest" time="0">
    <error message="List is empty" type="java.util.NoSuchElementException">java.util.NoSuchElementException: List is empty
	at com.example.SinglyLinkedListTest.wave2_removeFirst_returnsHeadValueAndShortenslist(SinglyLinkedListTest.java:100)
</error>
  </testcase>
  <testcase name="wave3_insertAt_atIndexZero_behavesLikeAddFirst" classname="com.example.SinglyLinkedListTest" time="0">
    <failure message="expected:&lt;[1 -&gt; 2 -&gt; 3 -&gt; ]null&gt; but was:&lt;[]null&gt;" type="org.junit.ComparisonFailure"><![CDATA[org.junit.ComparisonFailure: expected:<[1 -> 2 -> 3 -> ]null> but was:<[]null>
	at com.example.SinglyLinkedListTest.wave3_insertAt_atIndexZero_behavesLikeAddFirst(SinglyLinkedListTest.java:216)
]]></failure>
  </testcase>
  <testcase name="wave3_removeByValue_removesTailNode" classname="com.example.SinglyLinkedListTest" time="0.002">
    <failure type="java.lang.AssertionError">java.lang.AssertionError
	at com.example.SinglyLinkedListTest.wave3_removeByValue_removesTailNode(SinglyLinkedListTest.java:166)
</failure>
  </testcase>
  <testcase name="wave3_getAt_indexTooLarge_throwsException" classname="com.example.SinglyLinkedListTest" time="0">
    <failure message="Expected exception: java.lang.IndexOutOfBoundsException" type="java.lang.AssertionError">java.lang.AssertionError: Expected exception: java.lang.IndexOutOfBoundsException
</failure>
  </testcase>
</testsuite>