<?xml version="1.0" encoding="UTF-8"?>
<testsuite xmlns:xsi="http://www.w3.org/2001/XMLSchema-instance" xsi:noNamespaceSchemaLocation="https://maven.apache.org/surefire/maven-surefire-plugin/xsd/surefire-test-report.xsd" name="com.example.BinarySearchTreeTest" time="0.021" tests="33" errors="2" skipped="0" failures="17">
  <properties>
[...]
</properties>
  <testcase name="wave4_countNodes_afterDeleteReducesCount" classname="com.example.BinarySearchTreeTest" time="0.011">
    <failure message="expected:&lt;2&gt; but was:&lt;0&gt;" type="java.lang.AssertionError"><![CDATA[java.lang.AssertionError: expected:<2> but was:<0>
	at com.example.BinarySearchTreeTest.wave4_countNodes_afterDeleteReducesCount(BinarySearchTreeTest.java:296)
]]></failure>
  </testcase>
  <testcase name="wave3_postorder_childrenBeforeParent" classname="com.example.BinarySearchTreeTest" time="0.001">
    <failure message="expected:&lt;[1, 3, 2, 6, 4]&gt; but was:&lt;[]&gt;" type="java.lang.AssertionError"><![CDATA[java.lang.AssertionError: expected:<[1, 3, 2, 6, 4]> but was:<[]>
	at com.example.BinarySearchTreeTest.wave3_postorder_childrenBeforeParent(BinarySearchTreeTest.java:208)
]]></failure>
  </testcase>
  <testcase name="wave4_isBalanced_balancedTree_returnsTrue" classname="com.example.BinarySearchTreeTest" time="0">
    <failure type="java.lang.AssertionError">java.lang.AssertionError
	at com.example.BinarySearchTreeTest.wave4_isBalanced_balancedTree_returnsTrue(BinarySearchTreeTest.java:309)
</failure>
  </testcase>
  <testcase name="wave2_height_emptyTree_returnsNegativeOne" classname="com.example.BinarySearchTreeTest" time="0"/>
  <testcase name="wave1_insert_singleValue_rootIsNotNull" classname="com.example.BinarySearchTreeTest" time="0"/>
  <testcase name="wave4_countNodes_afterInserts_returnsCorrectCount" classname="com.example.BinarySearchTreeTest" time="0.001">
    <failure message="expected:&lt;4&gt; but was:&lt;0&gt;" type="java.lang.AssertionError"><![CDATA[java.lang.AssertionError: expected:<4> but was:<0>
	at com.example.BinarySearchTreeTest.wave4_countNodes_afterInserts_returnsCorrectCount(BinarySearchTreeTest.java:287)
]]></failure>
  </testcase>
  <testcase name="wave4_isBalanced_skewedTree_returnsFalse" classname="com.example.BinarySearchTreeTest" time="0"/>
  <testcase name="wave2_height_singleNode_returnsZero" classname="com.example.BinarySearchTreeTest" time="0"/>
  <testcase name="wave3_preorder_emptyTree_returnsEmptyList" classname="com.example.BinarySearchTreeTest" time="0"/>
  <testcase name="wave1_contains_missingValue_returnsFalse" classname="com.example.BinarySearchTreeTest" time="0"/>
  <testcase name="wave4_delete_nodeWithOneChild" classname="com.example.BinarySearchTreeTest" time="0">
    <failure type="java.lang.AssertionError">java.lang.AssertionError
	at com.example.BinarySearchTreeTest.wave4_delete_nodeWithOneChild(BinarySearchTreeTest.java:243)
</failure>
  </testcase>
  <testcase name="wave1_contains_insertedValue_returnsTrue" classname="com.example.BinarySearchTreeTest" time="0">
    <failure type="java.lang.AssertionError">java.lang.AssertionError
	at com.example.BinarySearchTreeTest.wave1_contains_insertedValue_returnsTrue(BinarySearchTreeTest.java:69)
</failure>
  </testcase>
  <testcase name="wave4_delete_nodeWithTwoChildren_maintainsBSTOrder" classname="com.example.BinarySearchTreeTest" time="0"/>
  <testcase name="wave2_findMax_singleNode_returnsRoot" classname="com.example.BinarySearchTreeTest" time="0">
    <failure message="expected:&lt;7&gt; but was:&lt;-1&gt;" type="java.lang.AssertionError"><![CDATA[java.lang.AssertionError: expected:<7> but was:<-1>
	at com.example.BinarySearchTreeTest.wave2_findMax_singleNode_returnsRoot(BinarySearchTreeTest.java:122)
]]></failure>
  </testcase>
  <testcase name="wave4_delete_missingValue_treeUnchanged" classname="com.example.BinarySearchTreeTest" time="0">
    <failure type="java.lang.AssertionError">java.lang.AssertionError
	at com.example.BinarySearchTreeTest.wave4_delete_missingValue_treeUnchanged(BinarySearchTreeTest.java:272)
</failure>
  </testcase>
  <testcase name="wave4_delete_leafNode_removedFromTree" classname="com.example.BinarySearchTreeTest" time="0.001">
    <failure type="java.lang.AssertionError">java.lang.AssertionError
	at com.example.BinarySearchTreeTest.wave4_delete_leafNode_removedFromTree(BinarySearchTreeTest.java:227)
</failure>
  </testcase>
  <testcase name="wave2_findMax_emptyTree_throwsException" classname="com.example.BinarySearchTreeTest" time="0"/>
  <testcase name="wave1_insert_smallerValueGoesLeft" classname="com.example.BinarySearchTreeTest" time="0">
    <error message="Cannot read field &quot;data&quot; because &quot;com.example.BinarySearchTree.getRoot().left&quot; is null" type="java.lang.NullPointerException">java.lang.NullPointerException: Cannot read field "data" because "com.example.BinarySearchTree.getRoot().left" is null
	at com.example.BinarySearchTreeTest.wave1_insert_smallerValueGoesLeft(BinarySearchTreeTest.java:45)
</error>
  </testcase>
  <testcase name="wave1_contains_emptyTree_returnsFalse" classname="com.example.BinarySearchTreeTest" time="0"/>
  <testcase name="wave4_countNodes_emptyTree_returnsZero" classname="com.example.BinarySearchTreeTest" time="0"/>
  <testcase name="wave2_findMin_singleNode_returnsRoot" classname="com.example.BinarySearchTreeTest" time="0.001">
    <failure message="expected:&lt;42&gt; but was:&lt;-1&gt;" type="java.lang.AssertionError"><![CDATA[java.lang.AssertionError: expected:<42> but was:<-1>
	at com.example.BinarySearchTreeTest.wave2_findMin_singleNode_returnsRoot(BinarySearchTreeTest.java:102)
]]></failure>
  </testcase>
  <testcase name="wave2_findMin_emptyTree_throwsException" classname="com.example.BinarySearchTreeTest" time="0"/>
  <testcase name="wave3_inorder_emptyTree_returnsEmptyList" classname="com.example.BinarySearchTreeTest" time="0"/>
  <testcase name="wave2_findMax_returnsLargestValue" classname="com.example.BinarySearchTreeTest" time="0">
    <failure message="expected:&lt;14&gt; but was:&lt;-1&gt;" type="java.lang.AssertionError"><![CDATA[java.lang.AssertionError: expected:<14> but was:<-1>
	at com.example.BinarySearchTreeTest.wave2_findMax_returnsLargestValue(BinarySearchTreeTest.java:116)
]]></failure>
  </testcase>
  <testcase name="wave2_findMin_returnsSmallestValue" classname="com.example.BinarySearchTreeTest" time="0">
    <failure message="expected:&lt;1&gt; but was:&lt;-1&gt;" type="java.lang.AssertionError"><![CDATA[java.lang.AssertionError: expected:<1> but was:<-1>
	at com.example.BinarySearchTreeTest.wave2_findMin_returnsSmallestValue(BinarySearchTreeTest.java:96)
]]></failure>
  </testcase>
  <testcase name="wave4_isBalanced_emptyTree_returnsTrue" classname="com.example.BinarySearchTreeTest" time="0">
    <failure type="java.lang.AssertionError">java.lang.AssertionError
	at com.example.BinarySearchTreeTest.wave4_isBalanced_emptyTree_returnsTrue(BinarySearchTreeTest.java:301)
</failure>
  </testcase>
  <testcase name="wave3_postorder_emptyTree_returnsEmptyList" classname="com.example.BinarySearchTreeTest" time="0.001"/>
  <testcase name="wave2_height_balancedTree_returnsCorrectHeight" classname="com.example.BinarySearchTreeTest" time="0">
    <failure message="expected:&lt;1&gt; but was:&lt;0&gt;" type="java.lang.AssertionError"><![CDATA[java.lang.AssertionError: expected:<1> but was:<0>
	at com.example.BinarySearchTreeTest.wave2_height_balancedTree_returnsCorrectHeight(BinarySearchTreeTest.java:149)
]]></failure>
  </testcase>
  <testcase name="wave3_preorder_rootFirstThenLeftThenRight" classname="com.example.BinarySearchTreeTest" time="0">
    <failure message="expected:&lt;[4, 2, 1, 3, 6]&gt; but was:&lt;[]&gt;" type="java.lang.AssertionError"><![CDATA[java.lang.AssertionError: expected:<[4, 2, 1, 3, 6]> but was:<[]>
	at com.example.BinarySearchTreeTest.wave3_preorder_rootFirstThenLeftThenRight(BinarySearchTreeTest.java:196)
]]></failure>
  </testcase>
  <testcase name="wave2_height_skewedTree_returnsCorrectHeight" classname="com.example.BinarySearchTreeTest" time="0">
    <failure message="expected:&lt;2&gt; but was:&lt;0&gt;" type="java.lang.AssertionError"><![CDATA[java.lang.AssertionError: expected:<2> but was:<0>
	at com.example.BinarySearchTreeTest.wave2_height_skewedTree_returnsCorrectHeight(BinarySearchTreeTest.java:158)
]]></failure>
  </testcase>
  <testcase name="wave1_insert_largerValueGoesRight" classname="com.example.BinarySearchTreeTest" time="0">
    <error message="Cannot read field &quot;data&quot; because &quot;com.example.BinarySearchTree.getRoot().right&quot; is null" type="java.lang.NullPointerException">java.lang.NullPointerException: Cannot read field "data" because "com.example.BinarySearchTree.getRoot().right" is null
	at com.example.BinarySearchTreeTest.wave1_insert_largerValueGoesRight(BinarySearchTreeTest.java:52)
</error>
  </testcase>
  <testcase name="wave3_inorder_producesSortedOrder" classname="com.example.BinarySearchTreeTest" time="0.001">
    <failure message="expected:&lt;[1, 2, 3, 4, 6]&gt; but was:&lt;[]&gt;" type="java.lang.AssertionError"><![CDATA[java.lang.AssertionError: expected:<[1, 2, 3, 4, 6]> but was:<[]>
	at com.example.BinarySearchTreeTest.wave3_inorder_producesSortedOrder(BinarySearchTreeTest.java:184)
]]></failure>
  </testcase>
  <testcase name="wave1_insert_duplicate_ignored" classname="com.example.BinarySearchTreeTest" time="0"/>
</testsuite>